<?xml version="1.0" encoding="UTF-8"?>
<!-- Generated by org.testng.reporters.JUnitReportReporter -->
<testsuite skipped="0" hostname="Owhychuuu" name="com.orangehrm.testcases.login.LoginTest" tests="1" failures="0" timestamp="2021-02-28T09:19:35 IST" time="23.438" errors="0">
  <testcase name="verifyLogin" time="23.438" classname="com.orangehrm.testcases.login.LoginTest"/>
  <system-out/>
</testsuite> <!-- com.orangehrm.testcases.login.LoginTest -->
