<?xml version="1.0" encoding="UTF-8"?>
<!-- Generated by org.testng.reporters.JUnitReportReporter -->
<testsuite skipped="0" hostname="DESKTOP-443U2GN" name="test.TestCase" tests="4" failures="0" timestamp="2021-03-21T09:26:28 IST" time="0.025" errors="0">
  <testcase name="testWithExcel" time="0.004" classname="test.TestCase"/>
  <system-out>
======= Test case testWithExcel is started ======= Test case testWithExcel is Passed  </system-out>
  <testcase name="testWithExcel" time="0.003" classname="test.TestCase"/>
  <system-out>
======= Test case testWithExcel is started ======= Test case testWithExcel is Passed  </system-out>
  <testcase name="testWithExcel" time="0.015" classname="test.TestCase"/>
  <system-out>
======= Test case testWithExcel is started ======= Test case testWithExcel is Passed  </system-out>
  <testcase name="testWithExcel" time="0.003" classname="test.TestCase"/>
  <system-out>
======= Test case testWithExcel is started ======= Test case testWithExcel is Passed  </system-out>
</testsuite> <!-- test.TestCase -->
